<?xml version="1.0" encoding="UTF-8"?>
<coverage generated="1710839280497" clover="3.2.0">
  <project timestamp="1710839280498" name="All files">
    <metrics statements="51" coveredstatements="51" conditionals="50" coveredconditionals="50" methods="12" coveredmethods="12" elements="113" coveredelements="113" complexity="0" loc="51" ncloc="51" packages="1" files="3" classes="3"/>
    <file name="error.js" path="/home/kali/Desktop/belajar-react/inventory-postgresql/api/utils/error.js">
      <metrics statements="5" coveredstatements="5" conditionals="0" coveredconditionals="0" methods="1" coveredmethods="1"/>
      <line num="1" count="4" type="stmt"/>
      <line num="2" count="30" type="stmt"/>
      <line num="3" count="30" type="stmt"/>
      <line num="4" count="30" type="stmt"/>
      <line num="5" count="30" type="stmt"/>
    </file>
    <file name="validate.js" path="/home/kali/Desktop/belajar-react/inventory-postgresql/api/utils/validate.js">
      <metrics statements="37" coveredstatements="37" conditionals="46" coveredconditionals="46" methods="9" coveredmethods="9"/>
      <line num="2" count="2" type="stmt"/>
      <line num="3" count="4" type="stmt"/>
      <line num="4" count="4" type="stmt"/>
      <line num="7" count="2" type="stmt"/>
      <line num="8" count="2" type="cond" truecount="2" falsecount="0"/>
      <line num="9" count="1" type="stmt"/>
      <line num="13" count="2" type="stmt"/>
      <line num="14" count="8" type="cond" truecount="4" falsecount="0"/>
      <line num="15" count="1" type="stmt"/>
      <line num="17" count="7" type="cond" truecount="4" falsecount="0"/>
      <line num="18" count="2" type="stmt"/>
      <line num="20" count="5" type="cond" truecount="2" falsecount="0"/>
      <line num="21" count="1" type="stmt"/>
      <line num="23" count="4" type="cond" truecount="2" falsecount="0"/>
      <line num="24" count="1" type="stmt"/>
      <line num="26" count="3" type="cond" truecount="2" falsecount="0"/>
      <line num="27" count="1" type="stmt"/>
      <line num="31" count="2" type="stmt"/>
      <line num="32" count="4" type="cond" truecount="4" falsecount="0"/>
      <line num="33" count="1" type="stmt"/>
      <line num="35" count="3" type="cond" truecount="2" falsecount="0"/>
      <line num="36" count="1" type="stmt"/>
      <line num="40" count="2" type="stmt"/>
      <line num="41" count="6" type="cond" truecount="6" falsecount="0"/>
      <line num="42" count="5" type="stmt"/>
      <line num="46" count="2" type="stmt"/>
      <line num="47" count="6" type="cond" truecount="8" falsecount="0"/>
      <line num="48" count="4" type="stmt"/>
      <line num="52" count="2" type="stmt"/>
      <line num="53" count="5" type="cond" truecount="4" falsecount="0"/>
      <line num="54" count="3" type="stmt"/>
      <line num="58" count="2" type="stmt"/>
      <line num="59" count="5" type="cond" truecount="4" falsecount="0"/>
      <line num="60" count="3" type="stmt"/>
      <line num="64" count="2" type="stmt"/>
      <line num="65" count="5" type="cond" truecount="2" falsecount="0"/>
      <line num="66" count="3" type="stmt"/>
    </file>
    <file name="verifiyUser.js" path="/home/kali/Desktop/belajar-react/inventory-postgresql/api/utils/verifiyUser.js">
      <metrics statements="9" coveredstatements="9" conditionals="4" coveredconditionals="4" methods="2" coveredmethods="2"/>
      <line num="3" count="1" type="stmt"/>
      <line num="4" count="3" type="stmt"/>
      <line num="5" count="3" type="cond" truecount="2" falsecount="0"/>
      <line num="6" count="1" type="stmt"/>
      <line num="8" count="2" type="stmt"/>
      <line num="9" count="2" type="cond" truecount="2" falsecount="0"/>
      <line num="10" count="1" type="stmt"/>
      <line num="12" count="1" type="stmt"/>
      <line num="13" count="1" type="stmt"/>
    </file>
  </project>
</coverage>
