{"/home/kali/Desktop/belajar-react/inventory-postgresql/api/controllers/controller.item.js": {"path":"/home/kali/Desktop/belajar-react/inventory-postgresql/api/controllers/controller.item.js","statementMap":{"0":{"start":{"line":8,"column":23},"end":{"line":57,"column":1}},"1":{"start":{"line":9,"column":72},"end":{"line":9,"column":80}},"2":{"start":{"line":11,"column":4},"end":{"line":13,"column":5}},"3":{"start":{"line":12,"column":8},"end":{"line":12,"column":71}},"4":{"start":{"line":15,"column":4},"end":{"line":15,"column":37}},"5":{"start":{"line":16,"column":4},"end":{"line":16,"column":33}},"6":{"start":{"line":17,"column":4},"end":{"line":17,"column":25}},"7":{"start":{"line":18,"column":4},"end":{"line":18,"column":33}},"8":{"start":{"line":20,"column":4},"end":{"line":20,"column":69}},"9":{"start":{"line":22,"column":4},"end":{"line":56,"column":5}},"10":{"start":{"line":23,"column":33},"end":{"line":23,"column":67}},"11":{"start":{"line":24,"column":8},"end":{"line":26,"column":9}},"12":{"start":{"line":25,"column":12},"end":{"line":25,"column":65}},"13":{"start":{"line":28,"column":21},"end":{"line":32,"column":42}},"14":{"start":{"line":34,"column":24},"end":{"line":41,"column":10}},"15":{"start":{"line":43,"column":8},"end":{"line":48,"column":11}},"16":{"start":{"line":50,"column":8},"end":{"line":50,"column":38}},"17":{"start":{"line":52,"column":8},"end":{"line":54,"column":9}},"18":{"start":{"line":53,"column":12},"end":{"line":53,"column":66}},"19":{"start":{"line":55,"column":8},"end":{"line":55,"column":20}},"20":{"start":{"line":59,"column":23},"end":{"line":100,"column":1}},"21":{"start":{"line":60,"column":4},"end":{"line":99,"column":5}},"22":{"start":{"line":61,"column":27},"end":{"line":61,"column":62}},"23":{"start":{"line":62,"column":22},"end":{"line":62,"column":52}},"24":{"start":{"line":63,"column":30},"end":{"line":63,"column":72}},"25":{"start":{"line":65,"column":22},"end":{"line":82,"column":10}},"26":{"start":{"line":84,"column":27},"end":{"line":84,"column":45}},"27":{"start":{"line":85,"column":20},"end":{"line":85,"column":30}},"28":{"start":{"line":86,"column":28},"end":{"line":86,"column":90}},"29":{"start":{"line":88,"column":31},"end":{"line":90,"column":10}},"30":{"start":{"line":92,"column":8},"end":{"line":96,"column":11}},"31":{"start":{"line":98,"column":8},"end":{"line":98,"column":20}},"32":{"start":{"line":102,"column":26},"end":{"line":120,"column":1}},"33":{"start":{"line":103,"column":4},"end":{"line":105,"column":5}},"34":{"start":{"line":104,"column":8},"end":{"line":104,"column":74}},"35":{"start":{"line":106,"column":4},"end":{"line":119,"column":5}},"36":{"start":{"line":107,"column":28},"end":{"line":107,"column":66}},"37":{"start":{"line":108,"column":8},"end":{"line":110,"column":9}},"38":{"start":{"line":109,"column":12},"end":{"line":109,"column":61}},"39":{"start":{"line":112,"column":8},"end":{"line":112,"column":84}},"40":{"start":{"line":114,"column":8},"end":{"line":114,"column":36}},"41":{"start":{"line":116,"column":8},"end":{"line":116,"column":94}},"42":{"start":{"line":118,"column":8},"end":{"line":118,"column":20}},"43":{"start":{"line":122,"column":26},"end":{"line":172,"column":1}},"44":{"start":{"line":123,"column":72},"end":{"line":123,"column":80}},"45":{"start":{"line":125,"column":4},"end":{"line":127,"column":5}},"46":{"start":{"line":126,"column":8},"end":{"line":126,"column":74}},"47":{"start":{"line":128,"column":4},"end":{"line":128,"column":37}},"48":{"start":{"line":129,"column":4},"end":{"line":129,"column":33}},"49":{"start":{"line":130,"column":4},"end":{"line":130,"column":25}},"50":{"start":{"line":131,"column":4},"end":{"line":131,"column":33}},"51":{"start":{"line":133,"column":4},"end":{"line":133,"column":69}},"52":{"start":{"line":135,"column":4},"end":{"line":171,"column":5}},"53":{"start":{"line":136,"column":33},"end":{"line":136,"column":67}},"54":{"start":{"line":137,"column":8},"end":{"line":139,"column":9}},"55":{"start":{"line":138,"column":12},"end":{"line":138,"column":65}},"56":{"start":{"line":141,"column":21},"end":{"line":145,"column":42}},"57":{"start":{"line":147,"column":49},"end":{"line":155,"column":9}},"58":{"start":{"line":157,"column":8},"end":{"line":159,"column":9}},"59":{"start":{"line":158,"column":12},"end":{"line":158,"column":61}},"60":{"start":{"line":161,"column":8},"end":{"line":166,"column":11}},"61":{"start":{"line":168,"column":8},"end":{"line":168,"column":42}},"62":{"start":{"line":170,"column":8},"end":{"line":170,"column":20}}},"fnMap":{"0":{"name":"(anonymous_0)","decl":{"start":{"line":8,"column":23},"end":{"line":8,"column":24}},"loc":{"start":{"line":8,"column":49},"end":{"line":57,"column":1}},"line":8},"1":{"name":"(anonymous_1)","decl":{"start":{"line":59,"column":23},"end":{"line":59,"column":24}},"loc":{"start":{"line":59,"column":49},"end":{"line":100,"column":1}},"line":59},"2":{"name":"(anonymous_2)","decl":{"start":{"line":102,"column":26},"end":{"line":102,"column":27}},"loc":{"start":{"line":102,"column":52},"end":{"line":120,"column":1}},"line":102},"3":{"name":"(anonymous_3)","decl":{"start":{"line":122,"column":26},"end":{"line":122,"column":27}},"loc":{"start":{"line":122,"column":52},"end":{"line":172,"column":1}},"line":122}},"branchMap":{"0":{"loc":{"start":{"line":11,"column":4},"end":{"line":13,"column":5}},"type":"if","locations":[{"start":{"line":11,"column":4},"end":{"line":13,"column":5}},{"start":{},"end":{}}],"line":11},"1":{"loc":{"start":{"line":11,"column":8},"end":{"line":11,"column":61}},"type":"binary-expr","locations":[{"start":{"line":11,"column":8},"end":{"line":11,"column":32}},{"start":{"line":11,"column":36},"end":{"line":11,"column":61}}],"line":11},"2":{"loc":{"start":{"line":24,"column":8},"end":{"line":26,"column":9}},"type":"if","locations":[{"start":{"line":24,"column":8},"end":{"line":26,"column":9}},{"start":{},"end":{}}],"line":24},"3":{"loc":{"start":{"line":52,"column":8},"end":{"line":54,"column":9}},"type":"if","locations":[{"start":{"line":52,"column":8},"end":{"line":54,"column":9}},{"start":{},"end":{}}],"line":52},"4":{"loc":{"start":{"line":52,"column":12},"end":{"line":52,"column":96}},"type":"binary-expr","locations":[{"start":{"line":52,"column":12},"end":{"line":52,"column":59}},{"start":{"line":52,"column":63},"end":{"line":52,"column":75}},{"start":{"line":52,"column":79},"end":{"line":52,"column":96}}],"line":52},"5":{"loc":{"start":{"line":61,"column":27},"end":{"line":61,"column":62}},"type":"binary-expr","locations":[{"start":{"line":61,"column":27},"end":{"line":61,"column":57}},{"start":{"line":61,"column":61},"end":{"line":61,"column":62}}],"line":61},"6":{"loc":{"start":{"line":62,"column":22},"end":{"line":62,"column":52}},"type":"binary-expr","locations":[{"start":{"line":62,"column":22},"end":{"line":62,"column":47}},{"start":{"line":62,"column":51},"end":{"line":62,"column":52}}],"line":62},"7":{"loc":{"start":{"line":63,"column":30},"end":{"line":63,"column":72}},"type":"cond-expr","locations":[{"start":{"line":63,"column":58},"end":{"line":63,"column":63}},{"start":{"line":63,"column":66},"end":{"line":63,"column":72}}],"line":63},"8":{"loc":{"start":{"line":67,"column":20},"end":{"line":67,"column":62}},"type":"binary-expr","locations":[{"start":{"line":67,"column":20},"end":{"line":67,"column":34}},{"start":{"line":67,"column":38},"end":{"line":67,"column":62}}],"line":67},"9":{"loc":{"start":{"line":68,"column":20},"end":{"line":73,"column":17}},"type":"binary-expr","locations":[{"start":{"line":68,"column":20},"end":{"line":68,"column":40}},{"start":{"line":68,"column":44},"end":{"line":73,"column":17}}],"line":68},"10":{"loc":{"start":{"line":103,"column":4},"end":{"line":105,"column":5}},"type":"if","locations":[{"start":{"line":103,"column":4},"end":{"line":105,"column":5}},{"start":{},"end":{}}],"line":103},"11":{"loc":{"start":{"line":103,"column":8},"end":{"line":103,"column":61}},"type":"binary-expr","locations":[{"start":{"line":103,"column":8},"end":{"line":103,"column":32}},{"start":{"line":103,"column":36},"end":{"line":103,"column":61}}],"line":103},"12":{"loc":{"start":{"line":108,"column":8},"end":{"line":110,"column":9}},"type":"if","locations":[{"start":{"line":108,"column":8},"end":{"line":110,"column":9}},{"start":{},"end":{}}],"line":108},"13":{"loc":{"start":{"line":125,"column":4},"end":{"line":127,"column":5}},"type":"if","locations":[{"start":{"line":125,"column":4},"end":{"line":127,"column":5}},{"start":{},"end":{}}],"line":125},"14":{"loc":{"start":{"line":125,"column":8},"end":{"line":125,"column":61}},"type":"binary-expr","locations":[{"start":{"line":125,"column":8},"end":{"line":125,"column":32}},{"start":{"line":125,"column":36},"end":{"line":125,"column":61}}],"line":125},"15":{"loc":{"start":{"line":137,"column":8},"end":{"line":139,"column":9}},"type":"if","locations":[{"start":{"line":137,"column":8},"end":{"line":139,"column":9}},{"start":{},"end":{}}],"line":137},"16":{"loc":{"start":{"line":157,"column":8},"end":{"line":159,"column":9}},"type":"if","locations":[{"start":{"line":157,"column":8},"end":{"line":159,"column":9}},{"start":{},"end":{}}],"line":157}},"s":{"0":3,"1":0,"2":0,"3":0,"4":0,"5":0,"6":0,"7":0,"8":0,"9":0,"10":0,"11":0,"12":0,"13":0,"14":0,"15":0,"16":0,"17":0,"18":0,"19":0,"20":3,"21":0,"22":0,"23":0,"24":0,"25":0,"26":0,"27":0,"28":0,"29":0,"30":0,"31":0,"32":3,"33":0,"34":0,"35":0,"36":0,"37":0,"38":0,"39":0,"40":0,"41":0,"42":0,"43":3,"44":0,"45":0,"46":0,"47":0,"48":0,"49":0,"50":0,"51":0,"52":0,"53":0,"54":0,"55":0,"56":0,"57":0,"58":0,"59":0,"60":0,"61":0,"62":0},"f":{"0":0,"1":0,"2":0,"3":0},"b":{"0":[0,0],"1":[0,0],"2":[0,0],"3":[0,0],"4":[0,0,0],"5":[0,0],"6":[0,0],"7":[0,0],"8":[0,0],"9":[0,0],"10":[0,0],"11":[0,0],"12":[0,0],"13":[0,0],"14":[0,0],"15":[0,0],"16":[0,0]},"_coverageSchema":"1a1c01bbd47fc00a2c39e90264f33305004495a9","hash":"0c7567b880a91a6fac299831f31238f8abd0496f"}
,"/home/kali/Desktop/belajar-react/inventory-postgresql/api/utils/error.js": {"path":"/home/kali/Desktop/belajar-react/inventory-postgresql/api/utils/error.js","statementMap":{"0":{"start":{"line":1,"column":28},"end":{"line":6,"column":1}},"1":{"start":{"line":2,"column":18},"end":{"line":2,"column":29}},"2":{"start":{"line":3,"column":4},"end":{"line":3,"column":34}},"3":{"start":{"line":4,"column":4},"end":{"line":4,"column":28}},"4":{"start":{"line":5,"column":4},"end":{"line":5,"column":17}}},"fnMap":{"0":{"name":"(anonymous_0)","decl":{"start":{"line":1,"column":28},"end":{"line":1,"column":29}},"loc":{"start":{"line":1,"column":53},"end":{"line":6,"column":1}},"line":1}},"branchMap":{},"s":{"0":6,"1":43,"2":43,"3":43,"4":43},"f":{"0":43},"b":{},"_coverageSchema":"1a1c01bbd47fc00a2c39e90264f33305004495a9","hash":"97da348ff0c6ac7366c9b3a0fe66a54574d46452"}
,"/home/kali/Desktop/belajar-react/inventory-postgresql/api/utils/generatedToken.js": {"path":"/home/kali/Desktop/belajar-react/inventory-postgresql/api/utils/generatedToken.js","statementMap":{"0":{"start":{"line":2,"column":29},"end":{"line":4,"column":1}},"1":{"start":{"line":3,"column":4},"end":{"line":3,"column":74}}},"fnMap":{"0":{"name":"(anonymous_0)","decl":{"start":{"line":2,"column":29},"end":{"line":2,"column":30}},"loc":{"start":{"line":2,"column":42},"end":{"line":4,"column":1}},"line":2}},"branchMap":{},"s":{"0":3,"1":22},"f":{"0":22},"b":{},"_coverageSchema":"1a1c01bbd47fc00a2c39e90264f33305004495a9","hash":"d256669f5812a9b1e8f38f66db18351be4fb99dc"}
,"/home/kali/Desktop/belajar-react/inventory-postgresql/api/utils/validate.js": {"path":"/home/kali/Desktop/belajar-react/inventory-postgresql/api/utils/validate.js","statementMap":{"0":{"start":{"line":2,"column":27},"end":{"line":5,"column":1}},"1":{"start":{"line":3,"column":18},"end":{"line":3,"column":39}},"2":{"start":{"line":4,"column":4},"end":{"line":4,"column":34}},"3":{"start":{"line":7,"column":39},"end":{"line":11,"column":1}},"4":{"start":{"line":8,"column":4},"end":{"line":10,"column":5}},"5":{"start":{"line":9,"column":8},"end":{"line":9,"column":60}},"6":{"start":{"line":13,"column":32},"end":{"line":29,"column":1}},"7":{"start":{"line":14,"column":4},"end":{"line":16,"column":5}},"8":{"start":{"line":15,"column":8},"end":{"line":15,"column":56}},"9":{"start":{"line":17,"column":4},"end":{"line":19,"column":5}},"10":{"start":{"line":18,"column":8},"end":{"line":18,"column":80}},"11":{"start":{"line":20,"column":4},"end":{"line":22,"column":5}},"12":{"start":{"line":21,"column":8},"end":{"line":21,"column":66}},"13":{"start":{"line":23,"column":4},"end":{"line":25,"column":5}},"14":{"start":{"line":24,"column":8},"end":{"line":24,"column":62}},"15":{"start":{"line":26,"column":4},"end":{"line":28,"column":5}},"16":{"start":{"line":27,"column":8},"end":{"line":27,"column":81}},"17":{"start":{"line":31,"column":32},"end":{"line":38,"column":1}},"18":{"start":{"line":32,"column":4},"end":{"line":34,"column":5}},"19":{"start":{"line":33,"column":8},"end":{"line":33,"column":56}},"20":{"start":{"line":35,"column":4},"end":{"line":37,"column":5}},"21":{"start":{"line":36,"column":8},"end":{"line":36,"column":74}},"22":{"start":{"line":40,"column":34},"end":{"line":44,"column":1}},"23":{"start":{"line":41,"column":4},"end":{"line":43,"column":5}},"24":{"start":{"line":42,"column":8},"end":{"line":42,"column":70}},"25":{"start":{"line":46,"column":38},"end":{"line":50,"column":1}},"26":{"start":{"line":47,"column":4},"end":{"line":49,"column":5}},"27":{"start":{"line":48,"column":8},"end":{"line":48,"column":83}},"28":{"start":{"line":52,"column":28},"end":{"line":56,"column":1}},"29":{"start":{"line":53,"column":4},"end":{"line":55,"column":5}},"30":{"start":{"line":54,"column":8},"end":{"line":54,"column":48}},"31":{"start":{"line":58,"column":39},"end":{"line":62,"column":1}},"32":{"start":{"line":59,"column":4},"end":{"line":61,"column":5}},"33":{"start":{"line":60,"column":8},"end":{"line":60,"column":60}},"34":{"start":{"line":64,"column":43},"end":{"line":68,"column":1}},"35":{"start":{"line":65,"column":4},"end":{"line":67,"column":5}},"36":{"start":{"line":66,"column":8},"end":{"line":66,"column":83}}},"fnMap":{"0":{"name":"(anonymous_0)","decl":{"start":{"line":2,"column":27},"end":{"line":2,"column":28}},"loc":{"start":{"line":2,"column":43},"end":{"line":5,"column":1}},"line":2},"1":{"name":"(anonymous_1)","decl":{"start":{"line":7,"column":39},"end":{"line":7,"column":40}},"loc":{"start":{"line":7,"column":52},"end":{"line":11,"column":1}},"line":7},"2":{"name":"(anonymous_2)","decl":{"start":{"line":13,"column":32},"end":{"line":13,"column":33}},"loc":{"start":{"line":13,"column":46},"end":{"line":29,"column":1}},"line":13},"3":{"name":"(anonymous_3)","decl":{"start":{"line":31,"column":32},"end":{"line":31,"column":33}},"loc":{"start":{"line":31,"column":46},"end":{"line":38,"column":1}},"line":31},"4":{"name":"(anonymous_4)","decl":{"start":{"line":40,"column":34},"end":{"line":40,"column":35}},"loc":{"start":{"line":40,"column":84},"end":{"line":44,"column":1}},"line":40},"5":{"name":"(anonymous_5)","decl":{"start":{"line":46,"column":38},"end":{"line":46,"column":39}},"loc":{"start":{"line":46,"column":76},"end":{"line":50,"column":1}},"line":46},"6":{"name":"(anonymous_6)","decl":{"start":{"line":52,"column":28},"end":{"line":52,"column":29}},"loc":{"start":{"line":52,"column":38},"end":{"line":56,"column":1}},"line":52},"7":{"name":"(anonymous_7)","decl":{"start":{"line":58,"column":39},"end":{"line":58,"column":40}},"loc":{"start":{"line":58,"column":50},"end":{"line":62,"column":1}},"line":58},"8":{"name":"(anonymous_8)","decl":{"start":{"line":64,"column":43},"end":{"line":64,"column":44}},"loc":{"start":{"line":64,"column":55},"end":{"line":68,"column":1}},"line":64}},"branchMap":{"0":{"loc":{"start":{"line":8,"column":4},"end":{"line":10,"column":5}},"type":"if","locations":[{"start":{"line":8,"column":4},"end":{"line":10,"column":5}},{"start":{},"end":{}}],"line":8},"1":{"loc":{"start":{"line":14,"column":4},"end":{"line":16,"column":5}},"type":"if","locations":[{"start":{"line":14,"column":4},"end":{"line":16,"column":5}},{"start":{},"end":{}}],"line":14},"2":{"loc":{"start":{"line":14,"column":8},"end":{"line":14,"column":36}},"type":"binary-expr","locations":[{"start":{"line":14,"column":8},"end":{"line":14,"column":17}},{"start":{"line":14,"column":21},"end":{"line":14,"column":36}}],"line":14},"3":{"loc":{"start":{"line":17,"column":4},"end":{"line":19,"column":5}},"type":"if","locations":[{"start":{"line":17,"column":4},"end":{"line":19,"column":5}},{"start":{},"end":{}}],"line":17},"4":{"loc":{"start":{"line":17,"column":8},"end":{"line":17,"column":51}},"type":"binary-expr","locations":[{"start":{"line":17,"column":8},"end":{"line":17,"column":27}},{"start":{"line":17,"column":31},"end":{"line":17,"column":51}}],"line":17},"5":{"loc":{"start":{"line":20,"column":4},"end":{"line":22,"column":5}},"type":"if","locations":[{"start":{"line":20,"column":4},"end":{"line":22,"column":5}},{"start":{},"end":{}}],"line":20},"6":{"loc":{"start":{"line":23,"column":4},"end":{"line":25,"column":5}},"type":"if","locations":[{"start":{"line":23,"column":4},"end":{"line":25,"column":5}},{"start":{},"end":{}}],"line":23},"7":{"loc":{"start":{"line":26,"column":4},"end":{"line":28,"column":5}},"type":"if","locations":[{"start":{"line":26,"column":4},"end":{"line":28,"column":5}},{"start":{},"end":{}}],"line":26},"8":{"loc":{"start":{"line":32,"column":4},"end":{"line":34,"column":5}},"type":"if","locations":[{"start":{"line":32,"column":4},"end":{"line":34,"column":5}},{"start":{},"end":{}}],"line":32},"9":{"loc":{"start":{"line":32,"column":8},"end":{"line":32,"column":36}},"type":"binary-expr","locations":[{"start":{"line":32,"column":8},"end":{"line":32,"column":17}},{"start":{"line":32,"column":21},"end":{"line":32,"column":36}}],"line":32},"10":{"loc":{"start":{"line":35,"column":4},"end":{"line":37,"column":5}},"type":"if","locations":[{"start":{"line":35,"column":4},"end":{"line":37,"column":5}},{"start":{},"end":{}}],"line":35},"11":{"loc":{"start":{"line":41,"column":4},"end":{"line":43,"column":5}},"type":"if","locations":[{"start":{"line":41,"column":4},"end":{"line":43,"column":5}},{"start":{},"end":{}}],"line":41},"12":{"loc":{"start":{"line":41,"column":8},"end":{"line":41,"column":58}},"type":"binary-expr","locations":[{"start":{"line":41,"column":8},"end":{"line":41,"column":20}},{"start":{"line":41,"column":24},"end":{"line":41,"column":34}},{"start":{"line":41,"column":38},"end":{"line":41,"column":44}},{"start":{"line":41,"column":48},"end":{"line":41,"column":58}}],"line":41},"13":{"loc":{"start":{"line":47,"column":4},"end":{"line":49,"column":5}},"type":"if","locations":[{"start":{"line":47,"column":4},"end":{"line":49,"column":5}},{"start":{},"end":{}}],"line":47},"14":{"loc":{"start":{"line":47,"column":8},"end":{"line":47,"column":100}},"type":"binary-expr","locations":[{"start":{"line":47,"column":8},"end":{"line":47,"column":21}},{"start":{"line":47,"column":25},"end":{"line":47,"column":32}},{"start":{"line":47,"column":36},"end":{"line":47,"column":43}},{"start":{"line":47,"column":47},"end":{"line":47,"column":66}},{"start":{"line":47,"column":70},"end":{"line":47,"column":83}},{"start":{"line":47,"column":87},"end":{"line":47,"column":100}}],"line":47},"15":{"loc":{"start":{"line":53,"column":4},"end":{"line":55,"column":5}},"type":"if","locations":[{"start":{"line":53,"column":4},"end":{"line":55,"column":5}},{"start":{},"end":{}}],"line":53},"16":{"loc":{"start":{"line":53,"column":8},"end":{"line":53,"column":43}},"type":"binary-expr","locations":[{"start":{"line":53,"column":8},"end":{"line":53,"column":23}},{"start":{"line":53,"column":27},"end":{"line":53,"column":43}}],"line":53},"17":{"loc":{"start":{"line":59,"column":4},"end":{"line":61,"column":5}},"type":"if","locations":[{"start":{"line":59,"column":4},"end":{"line":61,"column":5}},{"start":{},"end":{}}],"line":59},"18":{"loc":{"start":{"line":59,"column":8},"end":{"line":59,"column":47}},"type":"binary-expr","locations":[{"start":{"line":59,"column":8},"end":{"line":59,"column":25}},{"start":{"line":59,"column":29},"end":{"line":59,"column":47}}],"line":59},"19":{"loc":{"start":{"line":65,"column":4},"end":{"line":67,"column":5}},"type":"if","locations":[{"start":{"line":65,"column":4},"end":{"line":67,"column":5}},{"start":{},"end":{}}],"line":65}},"s":{"0":4,"1":4,"2":4,"3":4,"4":2,"5":1,"6":4,"7":16,"8":1,"9":15,"10":2,"11":13,"12":1,"13":12,"14":1,"15":11,"16":1,"17":4,"18":12,"19":1,"20":11,"21":1,"22":4,"23":6,"24":5,"25":4,"26":9,"27":4,"28":4,"29":8,"30":3,"31":4,"32":5,"33":3,"34":4,"35":5,"36":3},"f":{"0":4,"1":2,"2":16,"3":12,"4":6,"5":9,"6":8,"7":5,"8":5},"b":{"0":[1,1],"1":[1,15],"2":[16,15],"3":[2,13],"4":[15,14],"5":[1,12],"6":[1,11],"7":[1,10],"8":[1,11],"9":[12,11],"10":[1,10],"11":[5,1],"12":[6,4,3,2],"13":[4,5],"14":[9,7,6,5,5,5],"15":[3,5],"16":[8,7],"17":[3,2],"18":[5,4],"19":[3,2]},"_coverageSchema":"1a1c01bbd47fc00a2c39e90264f33305004495a9","hash":"3e8ebc49e65734a40bbbe72ceee8335915f55905"}
,"/home/kali/Desktop/belajar-react/inventory-postgresql/api/utils/verifiyUser.js": {"path":"/home/kali/Desktop/belajar-react/inventory-postgresql/api/utils/verifiyUser.js","statementMap":{"0":{"start":{"line":3,"column":27},"end":{"line":15,"column":1}},"1":{"start":{"line":4,"column":18},"end":{"line":4,"column":42}},"2":{"start":{"line":5,"column":4},"end":{"line":7,"column":5}},"3":{"start":{"line":6,"column":8},"end":{"line":6,"column":55}},"4":{"start":{"line":8,"column":4},"end":{"line":14,"column":7}},"5":{"start":{"line":9,"column":8},"end":{"line":11,"column":9}},"6":{"start":{"line":10,"column":12},"end":{"line":10,"column":59}},"7":{"start":{"line":12,"column":8},"end":{"line":12,"column":24}},"8":{"start":{"line":13,"column":8},"end":{"line":13,"column":15}}},"fnMap":{"0":{"name":"(anonymous_0)","decl":{"start":{"line":3,"column":27},"end":{"line":3,"column":28}},"loc":{"start":{"line":3,"column":47},"end":{"line":15,"column":1}},"line":3},"1":{"name":"(anonymous_1)","decl":{"start":{"line":8,"column":46},"end":{"line":8,"column":47}},"loc":{"start":{"line":8,"column":61},"end":{"line":14,"column":5}},"line":8}},"branchMap":{"0":{"loc":{"start":{"line":5,"column":4},"end":{"line":7,"column":5}},"type":"if","locations":[{"start":{"line":5,"column":4},"end":{"line":7,"column":5}},{"start":{},"end":{}}],"line":5},"1":{"loc":{"start":{"line":9,"column":8},"end":{"line":11,"column":9}},"type":"if","locations":[{"start":{"line":9,"column":8},"end":{"line":11,"column":9}},{"start":{},"end":{}}],"line":9}},"s":{"0":4,"1":24,"2":24,"3":1,"4":23,"5":23,"6":1,"7":22,"8":22},"f":{"0":24,"1":23},"b":{"0":[1,23],"1":[1,22]},"_coverageSchema":"1a1c01bbd47fc00a2c39e90264f33305004495a9","hash":"66f6211f6c5c1c55cb6d4d3a6b814ce00d14cef1"}
}
