TN:
SF:api/utils/error.js
FN:1,(anonymous_0)
FNF:1
FNH:1
FNDA:30,(anonymous_0)
DA:1,4
DA:2,30
DA:3,30
DA:4,30
DA:5,30
LF:5
LH:5
BRF:0
BRH:0
end_of_record
TN:
SF:api/utils/validate.js
FN:2,(anonymous_0)
FN:7,(anonymous_1)
FN:13,(anonymous_2)
FN:31,(anonymous_3)
FN:40,(anonymous_4)
FN:46,(anonymous_5)
FN:52,(anonymous_6)
FN:58,(anonymous_7)
FN:64,(anonymous_8)
FNF:9
FNH:9
FNDA:4,(anonymous_0)
FNDA:2,(anonymous_1)
FNDA:8,(anonymous_2)
FNDA:4,(anonymous_3)
FNDA:6,(anonymous_4)
FNDA:6,(anonymous_5)
FNDA:5,(anonymous_6)
FNDA:5,(anonymous_7)
FNDA:5,(anonymous_8)
DA:2,2
DA:3,4
DA:4,4
DA:7,2
DA:8,2
DA:9,1
DA:13,2
DA:14,8
DA:15,1
DA:17,7
DA:18,2
DA:20,5
DA:21,1
DA:23,4
DA:24,1
DA:26,3
DA:27,1
DA:31,2
DA:32,4
DA:33,1
DA:35,3
DA:36,1
DA:40,2
DA:41,6
DA:42,5
DA:46,2
DA:47,6
DA:48,4
DA:52,2
DA:53,5
DA:54,3
DA:58,2
DA:59,5
DA:60,3
DA:64,2
DA:65,5
DA:66,3
LF:37
LH:37
BRDA:8,0,0,1
BRDA:8,0,1,1
BRDA:14,1,0,1
BRDA:14,1,1,7
BRDA:14,2,0,8
BRDA:14,2,1,7
BRDA:17,3,0,2
BRDA:17,3,1,5
BRDA:17,4,0,7
BRDA:17,4,1,6
BRDA:20,5,0,1
BRDA:20,5,1,4
BRDA:23,6,0,1
BRDA:23,6,1,3
BRDA:26,7,0,1
BRDA:26,7,1,2
BRDA:32,8,0,1
BRDA:32,8,1,3
BRDA:32,9,0,4
BRDA:32,9,1,3
BRDA:35,10,0,1
BRDA:35,10,1,2
BRDA:41,11,0,5
BRDA:41,11,1,1
BRDA:41,12,0,6
BRDA:41,12,1,4
BRDA:41,12,2,3
BRDA:41,12,3,2
BRDA:47,13,0,4
BRDA:47,13,1,2
BRDA:47,14,0,6
BRDA:47,14,1,4
BRDA:47,14,2,3
BRDA:47,14,3,2
BRDA:47,14,4,2
BRDA:47,14,5,2
BRDA:53,15,0,3
BRDA:53,15,1,2
BRDA:53,16,0,5
BRDA:53,16,1,4
BRDA:59,17,0,3
BRDA:59,17,1,2
BRDA:59,18,0,5
BRDA:59,18,1,4
BRDA:65,19,0,3
BRDA:65,19,1,2
BRF:46
BRH:46
end_of_record
TN:
SF:api/utils/verifiyUser.js
FN:3,(anonymous_0)
FN:8,(anonymous_1)
FNF:2
FNH:2
FNDA:3,(anonymous_0)
FNDA:2,(anonymous_1)
DA:3,1
DA:4,3
DA:5,3
DA:6,1
DA:8,2
DA:9,2
DA:10,1
DA:12,1
DA:13,1
LF:9
LH:9
BRDA:5,0,0,1
BRDA:5,0,1,2
BRDA:9,1,0,1
BRDA:9,1,1,1
BRF:4
BRH:4
end_of_record
