TN:
SF:api/controllers/controller.auth.js
FN:7,(anonymous_0)
FN:36,(anonymous_1)
FN:72,(anonymous_2)
FNF:3
FNH:3
FNDA:3,(anonymous_0)
FNDA:4,(anonymous_1)
FNDA:2,(anonymous_2)
DA:7,1
DA:8,3
DA:10,3
DA:11,3
DA:13,3
DA:14,3
DA:15,3
DA:17,3
DA:19,3
DA:24,3
DA:25,1
DA:27,1
DA:29,2
DA:30,1
DA:32,1
DA:36,1
DA:37,4
DA:39,4
DA:40,4
DA:42,4
DA:43,4
DA:44,4
DA:45,4
DA:46,3
DA:47,1
DA:49,2
DA:50,2
DA:51,1
DA:54,1
DA:60,1
DA:62,1
DA:68,3
DA:72,1
DA:73,2
DA:74,2
DA:76,1
LF:36
LH:36
BRDA:29,0,0,1
BRDA:29,0,1,1
BRDA:29,1,0,2
BRDA:29,1,1,1
BRDA:46,2,0,1
BRDA:46,2,1,2
BRDA:50,3,0,1
BRDA:50,3,1,1
BRF:8
BRH:8
end_of_record
